                   1                   5                 0.2
                   2                  15            0.133333
                   3                  17            0.176471
                   4                  26            0.153846
                   5                  33            0.151515
                   6                  34            0.176471
                   7                  42            0.166667
                   8                  47            0.170213
                   9                  51            0.176471
                  10                  55            0.181818
                  11                  59            0.186441
                  12                  63            0.190476
                  13                  68            0.191176
                  14                  72            0.194444
                  15                  77            0.194805
                  16                  79            0.202532
                  17                  80              0.2125
                  18                  82            0.219512
                  19                  88            0.215909
                  20                  89            0.224719
                  21                 102            0.205882
                  22                 111            0.198198
                  23                 113             0.20354
                  24                 115            0.208696
                  25                 120            0.208333
                  26                 122            0.213115
                  27                 127            0.212598
                  28                 130            0.215385
                  29                 135            0.214815
                  30                 146            0.205479
                  31                 155                 0.2
                  32                 156            0.205128
                  33                 163            0.202454
                  34                 164            0.207317
                  35                 165            0.212121
                  36                 171            0.210526
                  37                 175            0.211429
                  38                 188            0.202128
                  39                 194            0.201031
                  40                 205            0.195122
                  41                 208            0.197115
                  42                 211            0.199052
                  43                 226            0.190265
                  44                 245            0.179592
                  45                 250                0.18
                  46                 252             0.18254
                  47                 260            0.180769
                  48                 265            0.181132
                  49                 269            0.182156
                  50                 277            0.180505
                  51                 280            0.182143
                  52                 289            0.179931
                  53                 303            0.174917
                  54                 310            0.174194
                  55                 313            0.175719
                  56                 320               0.175
                  57                 325            0.175385
                  58                 328            0.176829
                  59                 330            0.178788
                  60                 331            0.181269
                  61                 345            0.176812
                  62                 347            0.178674
                  63                 350                0.18
                  64                 356            0.179775
                  65                 367            0.177112
                  66                 374            0.176471
                  67                 379            0.176781
                  68                 384            0.177083
                  69                 397            0.173804
                  70                 404            0.173267
                  71                 406            0.174877
                  72                 407            0.176904
                  73                 410            0.178049
                  74                 411            0.180049
                  75                 415            0.180723
                  76                 416            0.182692
                  77                 421            0.182898
                  78                 426            0.183099
                  79                 432             0.18287
                  80                 433            0.184758
                  81                 437            0.185355
                  82                 439            0.186788
                  83                 446            0.186099
                  84                 451            0.186253
                  85                 457            0.185996
                  86                 466            0.184549
                  87                 473            0.183932
                  88                 476            0.184874
                  89                 485            0.183505
                  90                 491            0.183299
                  91                 505            0.180198
                  92                 512            0.179688
                  93                 517            0.179884
                  94                 518            0.181467
                  95                 525            0.180952
                  96                 537            0.178771
                  97                 555            0.174775
                  98                 557            0.175943
                  99                 567            0.174603
                 100                 570            0.175439
                 101                 571            0.176883
                 102                 575            0.177391
                 103                 586            0.175768
                 104                 593            0.175379
                 105                 598            0.175585
                 106                 611            0.173486
                 107                 621            0.172303
                 108                 622            0.173633
                 109                 623             0.17496
                 110                 641            0.171607
                 111                 645            0.172093
                 112                 656            0.170732
                 113                 658            0.171733
                 114                 660            0.172727
                 115                 668            0.172156
                 116                 670            0.173134
                 117                 676            0.173077
                 118                 682            0.173021
                 119                 685            0.173723
                 120                 686            0.174927
                 121                 688            0.175872
                 122                 691            0.176556
                 123                 699            0.175966
                 124                 701             0.17689
                 125                 719            0.173853
                 126                 722            0.174515
                 127                 726            0.174931
                 128                 728            0.175824
                 129                 730            0.176712
                 130                 732            0.177596
                 131                 738            0.177507
                 132                 746            0.176944
                 133                 747            0.178046
                 134                 752            0.178191
                 135                 754            0.179045
                 136                 758             0.17942
                 137                 760            0.180263
                 138                 763            0.180865
                 139                 770            0.180519
                 140                 773            0.181113
                 141                 774            0.182171
                 142                 780            0.182051
                 143                 783            0.182631
                 144                 786            0.183206
                 145                 794             0.18262
                 146                 799            0.182728
                 147                 803            0.183064
                 148                 806            0.183623
                 149                 810            0.183951
                 150                 815            0.184049
                 151                 827            0.182588
                 152                 830            0.183133
                 153                 832            0.183894
                 154                 834            0.184652
                 155                 841            0.184304
                 156                 845            0.184615
                 157                 846            0.185579
                 158                 855            0.184795
                 159                 857            0.185531
                 160                 862            0.185615
                 161                 868            0.185484
                 162                 874            0.185355
                 163                 881            0.185017
                 164                 884             0.18552
                 165                 885            0.186441
                 166                 886            0.187359
                 167                 887            0.188275
                 168                 888            0.189189
                 169                 889            0.190101
                 170                 897            0.189521
                 171                 898            0.190423
                 172                 905            0.190055
                 173                 914            0.189278
                 174                 925            0.188108
                 175                 931             0.18797
                 176                 933            0.188639
                 177                 935            0.189305
                 178                 947            0.187962
                 179                 951            0.188223
                 180                 953            0.188877
                 181                 954            0.189727
                 182                 955            0.190576
                 183                 957            0.191223
                 184                 959            0.191867
                 185                 965             0.19171
                 186                 969             0.19195
                 187                 980            0.190816
                 188                 981            0.191641
                 189                 985            0.191878
                 190                 994            0.191147
                 191                1005             0.19005
                 192                1011            0.189911
                 193                1019            0.189401
                 194                1020            0.190196
                 195                1021            0.190989
                 196                1022            0.191781
                 197                1025            0.192195
                 198                1027            0.192795
                 199                1029            0.193392
                 200                1035            0.193237
                 201                1044            0.192529
                 202                1046            0.193117
                 203                1050            0.193333
                 204                1052            0.193916
                 205                1053            0.194682
                 206                1057            0.194891
                 207                1060            0.195283
                 208                1063            0.195673
                 209                1068            0.195693
                 210                1069            0.196445
                 211                1073            0.196645
                 212                1082            0.195933
                 213                1086            0.196133
                 214                1094            0.195612
                 215                1106            0.194394
                 216                1108            0.194946
                 217                1123            0.193232
                 218                1125            0.193778
                 219                1131            0.193634
                 220                1136            0.193662
                 221                1139             0.19403
                 222                1145            0.193886
                 223                1147             0.19442
                 224                1149            0.194952
                 225                1150            0.195652
                 226                1153             0.19601
                 227                1163            0.195185
                 228                1165            0.195708
                 229                1168            0.196062
                 230                1194             0.19263
                 231                1210            0.190909
                 232                1215            0.190947
                 233                1218            0.191297
                 234                1221            0.191646
                 235                1226             0.19168
                 236                1227            0.192339
                 237                1229             0.19284
                 238                1231            0.193339
                 239                1240            0.192742
                 240                1264            0.189873
                 241                1268            0.190063
                 242                1278            0.189358
                 243                1284            0.189252
                 244                1289            0.189294
                 245                1292            0.189628
                 246                1301            0.189085
                 247                1304            0.189417
                 248                1309            0.189458
                 249                1310            0.190076
                 250                1315            0.190114
                 251                1324            0.189577
                 252                1326            0.190045
                 253                1328            0.190512
                 254                1336             0.19012
                 255                1342            0.190015
                 256                1348            0.189911
                 257                1371            0.187454
                 258                1378            0.187228
                 259                1386            0.186869
                 260                1390             0.18705
                 261                1398            0.186695
                 262                1401            0.187009
                 263                1406            0.187055
                 264                1407            0.187633
                 265                1410            0.187943
                 266                1415            0.187986
                 267                1417            0.188426
                 268                1421              0.1886
                 269                1439            0.186935
                 270                1440              0.1875
                 271                1446            0.187414
                 272                1454             0.18707
                 273                1457            0.187371
                 274                1468            0.186649
                 275                1490            0.184564
                 276                1491            0.185111
                 277                1503            0.184298
                 278                1504             0.18484
                 279                1511            0.184646
                 280                1513            0.185063
                 281                1530             0.18366
                 282                1535            0.183713
                 283                1539            0.183886
                 284                1549            0.183344
                 285                1559            0.182809
                 286                1563            0.182981
                 287                1574            0.182338
                 288                1577            0.182625
                 289                1589            0.181875
                 290                1607             0.18046
                 291                1612            0.180521
                 292                1617            0.180581
                 293                1624            0.180419
                 294                1626            0.180812
                 295                1637            0.180208
                 296                1641            0.180378
                 297                1642            0.180877
                 298                1644            0.181265
                 299                1653            0.180883
                 300                1654            0.181378
                 301                1668            0.180456
                 302                1670            0.180838
                 303                1679            0.180465
                 304                1680            0.180952
                 305                1686            0.180902
                 306                1688             0.18128
                 307                1689            0.181764
                 308                1690            0.182249
                 309                1695            0.182301
                 310                1696            0.182783
                 311                1697            0.183265
                 312                1698            0.183746
                 313                1701            0.184009
                 314                1705            0.184164
                 315                1708            0.184426
                 316                1720            0.183721
                 317                1730            0.183237
                 318                1736             0.18318
                 319                1738            0.183544
                 320                1740            0.183908
                 321                1749            0.183533
                 322                1769            0.182024
                 323                1773            0.182177
                 324                1784            0.181614
                 325                1791            0.181463
                 326                1796            0.181514
                 327                1799            0.181768
                 328                1803            0.181919
                 329                1809            0.181868
                 330                1816            0.181718
                 331                1817            0.182168
                 332                1823            0.182117
                 333                1827            0.182266
                 334                1830            0.182514
                 335                1847            0.181375
                 336                1848            0.181818
                 337                1852            0.181965
                 338                1853            0.182407
                 339                1860            0.182258
                 340                1862            0.182599
                 341                1863            0.183038
                 342                1865            0.183378
                 343                1868            0.183619
                 344                1874            0.183565
                 345                1880            0.183511
                 346                1881            0.183945
                 347                1886            0.183987
                 348                1898            0.183351
                 349                1902            0.183491
                 350                1903             0.18392
                 351                1905            0.184252
                 352                1908            0.184486
                 353                1909            0.184914
                 354                1913             0.18505
                 355                1917            0.185185
                 356                1923            0.185127
                 357                1928            0.185166
                 358                1933            0.185204
                 359                1942            0.184861
                 360                1953            0.184332
                 361                1958            0.184372
                 362                1962            0.184506
                 363                1965            0.184733
                 364                1968            0.184959
                 365                1970            0.185279
                 366                1975            0.185316
                 367                1980            0.185354
                 368                1981            0.185765
                 369                1983            0.186082
                 370                1989            0.186023
                 371                2001            0.185407
                 372                2008            0.185259
                 373                2016             0.18502
                 374                2026              0.1846
                 375                2029             0.18482
                 376                2030            0.185222
                 377                2031            0.185623
                 378                2034            0.185841
                 379                2039            0.185875
                 380                2067            0.183841
                 381                2068            0.184236
                 382                2073            0.184274
                 383                2075            0.184578
                 384                2076            0.184971
                 385                2083             0.18483
                 386                2085            0.185132
                 387                2095            0.184726
                 388                2098            0.184938
                 389                2100            0.185238
                 390                2101            0.185626
                 391                2107            0.185572
                 392                2112            0.185606
                 393                2113            0.185991
                 394                2123            0.185586
                 395                2130            0.185446
                 396                2132            0.185741
                 397                2137            0.185774
                 398                2140            0.185981
                 399                2141            0.186362
                 400                2150            0.186047
                 401                2163            0.185391
                 402                2164            0.185767
                 403                2169              0.1858
                 404                2175            0.185747
                 405                2176            0.186121
                 406                2193            0.185135
                 407                2194            0.185506
                 408                2206             0.18495
                 409                2216            0.184567
                 410                2221            0.184602
                 411                2224            0.184802
                 412                2227            0.185002
                 413                2236            0.184705
                 414                2238            0.184987
                 415                2240            0.185268
                 416                2242            0.185549
                 417                2244            0.185829
                 418                2249             0.18586
                 419                2260            0.185398
                 420                2266            0.185349
                 421                2272            0.185299
                 422                2273            0.185658
                 423                2281            0.185445
                 424                2282            0.185802
                 425                2283            0.186159
                 426                2289            0.186107
                 427                2291            0.186381
                 428                2293            0.186655
                 429                2296            0.186847
                 430                2299            0.187038
                 431                2304            0.187066
                 432                2319            0.186287
                 433                2320            0.186638
                 434                2327            0.186506
                 435                2329            0.186775
                 436                2341            0.186245
                 437                2351            0.185878
                 438                2352            0.186224
                 439                2363            0.185781
                 440                2393             0.18387
                 441                2396            0.184057
                 442                2403            0.183937
                 443                2415            0.183437
                 444                2416            0.183775
                 445                2417            0.184113
                 446                2418             0.18445
                 447                2420            0.184711
                 448                2421            0.185048
                 449                2426            0.185078
                 450                2442            0.184275
                 451                2444            0.184534
                 452                2454            0.184189
                 453                2461            0.184072
                 454                2465            0.184178
                 455                2468             0.18436
                 456                2482            0.183723
                 457                2488            0.183682
                 458                2492            0.183788
                 459                2497            0.183821
                 460                2518            0.182685
                 461                2521            0.182864
                 462                2526            0.182898
                 463                2536            0.182571
                 464                2552            0.181818
                 465                2565            0.181287
                 466                2569            0.181394
                 467                2576            0.181289
                 468                2578            0.181536
                 469                2585            0.181431
                 470                2587            0.181678
                 471                2594            0.181573
                 472                2599            0.181608
                 473                2608            0.181365
                 474                2615            0.181262
                 475                2632            0.180471
                 476                2639            0.180371
                 477                2640            0.180682
                 478                2645            0.180718
                 479                2651            0.180687
                 480                2653            0.180927
                 481                2655            0.181168
                 482                2659            0.181271
                 483                2661            0.181511
                 484                2663             0.18175
                 485                2668            0.181784
                 486                2670            0.182022
                 487                2671            0.182329
                 488                2676            0.182362
                 489                2677            0.182667
                 490                2679            0.182904
                 491                2681            0.183141
                 492                2682            0.183445
                 493                2683             0.18375
                 494                2684            0.184054
                 495                2695            0.183673
                 496                2696            0.183976
                 497                2699            0.184142
                 498                2714            0.183493
                 499                2720            0.183456
                 500                2728            0.183284
                 501                2729            0.183584
                 502                2738            0.183346
                 503                2746            0.183176
                 504                2761            0.182543
                 505                2766            0.182574
                 506                2773            0.182474
                 507                2779             0.18244
                 508                2799            0.181493
                 509                2806            0.181397
                 510                2808            0.181624
                 511                2809            0.181915
                 512                2814            0.181947
                 513                2821             0.18185
                 514                2824            0.182011
                 515                2832             0.18185
                 516                2839            0.181754
                 517                2840            0.182042
                 518                2852            0.181627
                 519                2861            0.181405
                 520                2863            0.181628
                 521                2867            0.181723
                 522                2876            0.181502
                 523                2881            0.181534
                 524                2908            0.180193
                 525                2920            0.179795
                 526                2921            0.180075
                 527                2922            0.180356
                 528                2925            0.180513
                 529                2935            0.180239
                 530                2936            0.180518
                 531                2940            0.180612
                 532                2944            0.180707
                 533                2947            0.180862
                 534                2967             0.17998
                 535                2981             0.17947
                 536                2983            0.179685
                 537                2990            0.179599
                 538                2994            0.179693
                 539                3000            0.179667
                 540                3005              0.1797
                 541                3007            0.179914
                 542                3011            0.180007
                 543                3022            0.179682
                 544                3026            0.179775
                 545                3029            0.179927
                 546                3042            0.179487
                 547                3054            0.179109
                 548                3058            0.179202
                 549                3060            0.179412
                 550                3061             0.17968
                 551                3062            0.179948
                 552                3063            0.180215
                 553                3064            0.180483
                 554                3065             0.18075
                 555                3071            0.180723
                 556                3073            0.180931
                 557                3084             0.18061
                 558                3089            0.180641
                 559                3105            0.180032
                 560                3110            0.180064
                 561                3112             0.18027
                 562                3115            0.180417
                 563                3121            0.180391
                 564                3125             0.18048
                 565                3128            0.180627
                 566                3130            0.180831
                 567                3133            0.180977
                 568                3141            0.180834
                 569                3145            0.180922
                 570                3150            0.180952
                 571                3154             0.18104
                 572                3155              0.1813
                 573                3156            0.181559
                 574                3163            0.181473
                 575                3164            0.181732
                 576                3169            0.181761
                 577                3173            0.181847
                 578                3185            0.181476
                 579                3187            0.181676
                 580                3189            0.181875
                 581                3192            0.182018
                 582                3218            0.180858
                 583                3222            0.180944
                 584                3225            0.181085
                 585                3228            0.181227
                 586                3236            0.181088
                 587                3238            0.181285
                 588                3242             0.18137
                 589                3249            0.181287
                 590                3251            0.181483
                 591                3257            0.181455
                 592                3262            0.181484
                 593                3269            0.181401
                 594                3279            0.181153
                 595                3282            0.181292
                 596                3286            0.181376
                 597                3287            0.181625
                 598                3295            0.181487
                 599                3315            0.180694
                 600                3353            0.178944
                 601                3358            0.178976
                 602                3359             0.17922
                 603                3362            0.179358
                 604                3365            0.179495
                 605                3366            0.179739
                 606                3379            0.179343
                 607                3388            0.179162
                 608                3397            0.178981
                 609                3402            0.179012
                 610                3403            0.179254
                 611                3414            0.178969
                 612                3416            0.179157
                 613                3422            0.179135
                 614                3424            0.179322
                 615                3434            0.179091
                 616                3435             0.17933
                 617                3437            0.179517
                 618                3446            0.179338
                 619                3462            0.178798
                 620                3465            0.178932
                 621                3466            0.179169
                 622                3475            0.178993
                 623                3485            0.178766
                 624                3488            0.178899
                 625                3495            0.178827
                 626                3501            0.178806
                 627                3502            0.179041
                 628                3505            0.179173
                 629                3512              0.1791
                 630                3514            0.179283
                 631                3515            0.179516
                 632                3524            0.179342
                 633                3525            0.179574
                 634                3528            0.179705
                 635                3531            0.179836
                 636                3534            0.179966
                 637                3535            0.180198
                 638                3536             0.18043
                 639                3537            0.180662
                 640                3543            0.180638
                 641                3550            0.180563
                 642                3565            0.180084
                 643                3569            0.180163
                 644                3571            0.180342
                 645                3581            0.180117
                 646                3583            0.180296
                 647                3588            0.180323
                 648                3591            0.180451
                 649                3592            0.180679
                 650                3595            0.180807
                 651                3596            0.181034
                 652                3597            0.181262
                 653                3599            0.181439
                 654                3606            0.181364
                 655                3631            0.180391
                 656                3634            0.180517
                 657                3635            0.180743
                 658                3636            0.180968
                 659                3644            0.180845
                 660                3656            0.180525
                 661                3658              0.1807
                 662                3667            0.180529
                 663                3668            0.180752
                 664                3669            0.180976
                 665                3677            0.180854
                 666                3679            0.181027
                 667                3683            0.181102
                 668                3704            0.180346
                 669                3710            0.180323
                 670                3712            0.180496
                 671                3715            0.180619
                 672                3723              0.1805
                 673                3728            0.180526
                 674                3738             0.18031
                 675                3739             0.18053
                 676                3743            0.180604
                 677                3744            0.180823
                 678                3745            0.181041
                 679                3749            0.181115
                 680                3751            0.181285
                 681                3754            0.181406
                 682                3756            0.181576
                 683                3757            0.181794
                 684                3762            0.181818
                 685                3766            0.181891
                 686                3774             0.18177
                 687                3781            0.181698
                 688                3782            0.181914
                 689                3797            0.181459
                 690                3798            0.181675
                 691                3801            0.181794
                 692                3815            0.181389
                 693                3824            0.181224
                 694                3826             0.18139
                 695                3832            0.181367
                 696                3844            0.181061
                 697                3846            0.181227
                 698                3848            0.181393
                 699                3856            0.181276
                 700                3861              0.1813
                 701                3867            0.181277
                 702                3879            0.180974
                 703                3880            0.181186
                 704                3882             0.18135
                 705                3894            0.181048
                 706                3896            0.181211
                 707                3913             0.18068
                 708                3914            0.180889
                 709                3916            0.181052
                 710                3924            0.180938
                 711                3929            0.180962
                 712                3936            0.180894
                 713                3941            0.180919
                 714                3946            0.180943
                 715                3948            0.181104
                 716                3949            0.181312
                 717                3956            0.181244
                 718                3962            0.181222
                 719                3973            0.180972
                 720                3979             0.18095
                 721                3985            0.180928
                 722                3992            0.180862
                 723                3996            0.180931
                 724                4004            0.180819
                 725                4009            0.180843
                 726                4011            0.181002
                 727                4021            0.180801
                 728                4024            0.180915
                 729                4037             0.18058
                 730                4040            0.180693
                 731                4052            0.180405
                 732                4053            0.180607
                 733                4061            0.180497
                 734                4063            0.180655
                 735                4066            0.180767
                 736                4067            0.180969
                 737                4070            0.181081
                 738                4090             0.18044
                 739                4107            0.179937
                 740                4120            0.179612
                 741                4124             0.17968
                 742                4137            0.179357
                 743                4142            0.179382
                 744                4152            0.179191
                 745                4159             0.17913
                 746                4164            0.179155
                 747                4166            0.179309
                 748                4176            0.179119
                 749                4189            0.178802
                 750                4193             0.17887
                 751                4203            0.178682
                 752                4205            0.178835
                 753                4209            0.178902
                 754                4222            0.178588
                 755                4238             0.17815
                 756                4240            0.178302
                 757                4243            0.178412
                 758                4246            0.178521
                 759                4248            0.178672
                 760                4264            0.178236
                 761                4267            0.178345
                 762                4276            0.178204
                 763                4279            0.178313
                 764                4283             0.17838
                 765                4290            0.178322
                 766                4291            0.178513
                 767                4313            0.177834
                 768                4315            0.177984
                 769                4331            0.177557
                 770                4335            0.177624
                 771                4344            0.177486
                 772                4347            0.177594
                 773                4349            0.177742
                 774                4350            0.177931
                 775                4353            0.178038
                 776                4356            0.178145
                 777                4358            0.178293
                 778                4378            0.177707
                 779                4381            0.177813
                 780                4385            0.177879
                 781                4394            0.177742
                 782                4399            0.177768
                 783                4406            0.177712
                 784                4408            0.177858
                 785                4412            0.177924
                 786                4415            0.178029
                 787                4422            0.177974
                 788                4424            0.178119
                 789                4427            0.178225
                 790                4428             0.17841
                 791                4432            0.178475
                 792                4435            0.178579
                 793                4446            0.178363
                 794                4448            0.178507
                 795                4450            0.178652
                 796                4474            0.177917
                 797                4478            0.177981
                 798                4481            0.178085
                 799                4483            0.178229
                 800                4487            0.178293
                 801                4490            0.178396
                 802                4497            0.178341
                 803                4503            0.178326
                 804                4505            0.178468
                 805                4512            0.178413
                 806                4516            0.178477
                 807                4518            0.178619
                 808                4520            0.178761
                 809                4524            0.178824
                 810                4536            0.178571
                 811                4550            0.178242
                 812                4561            0.178031
                 813                4564            0.178133
                 814                4565            0.178313
                 815                4568            0.178415
                 816                4571            0.178517
                 817                4587            0.178112
                 818                4594            0.178058
                 819                4596            0.178198
                 820                4610            0.177874
                 821                4619            0.177744
                 822                4626            0.177691
                 823                4632            0.177677
                 824                4643            0.177471
                 825                4644            0.177649
                 826                4649            0.177673
                 827                4681            0.176672
                 828                4685            0.176734
                 829                4687            0.176872
                 830                4691            0.176935
                 831                4701            0.176771
                 832                4702            0.176946
                 833                4709            0.176895
                 834                4710             0.17707
                 835                4717            0.177019
                 836                4718            0.177194
                 837                4723            0.177218
                 838                4733            0.177055
                 839                4734            0.177229
                 840                4768            0.176174
                 841                4771            0.176273
                 842                4779            0.176187
                 843                4783            0.176249
                 844                4785            0.176385
                 845                4789            0.176446
                 846                4796            0.176397
                 847                4803            0.176348
                 848                4808            0.176373
                 849                4814            0.176361
                 850                4822            0.176275
                 851                4834            0.176045
                 852                4841            0.175997
                 853                4846            0.176021
                 854                4851            0.176046
                 855                4863            0.175817
                 856                4877            0.175518
                 857                4878            0.175687
                 858                4883            0.175712
                 859                4889            0.175701
                 860                4890            0.175869
                 861                4898            0.175786
                 862                4906            0.175703
                 863                4920            0.175407
                 864                4923            0.175503
                 865                4926            0.175599
                 866                4933            0.175552
                 867                4935            0.175684
                 868                4936            0.175851
                 869                4942             0.17584
                 870                4946              0.1759
                 871                4950             0.17596
                 872                4957            0.175913
                 873                4967             0.17576
                 874                4974            0.175714
                 875                4976            0.175844
                 876                4986            0.175692
                 877                4988            0.175822
                 878                4995            0.175776
                 879                5000              0.1758
                 880                5002             0.17593
                 881                5003            0.176094
                 882                5004            0.176259
                 883                5013            0.176142
                 884                5018            0.176166
                 885                5020            0.176295
                 886                5022            0.176424
                 887                5024            0.176553
                 888                5028            0.176611
                 889                5033            0.176634
                 890                5037            0.176692
                 891                5040            0.176786
                 892                5042            0.176914
                 893                5044            0.177042
                 894                5048              0.1771
                 895                5055            0.177052
                 896                5059             0.17711
                 897                5064            0.177133
                 898                5076            0.176911
                 899                5080            0.176969
                 900                5082            0.177096
                 901                5088            0.177083
                 902                5090             0.17721
                 903                5096            0.177198
                 904                5107            0.177012
                 905                5119            0.176792
                 906                5126            0.176746
                 907                5137            0.176562
                 908                5140            0.176654
                 909                5144            0.176711
                 910                5163            0.176254
                 911                5170            0.176209
                 912                5171            0.176368
                 913                5182            0.176187
                 914                5192             0.17604
                 915                5197            0.176063
                 916                5203            0.176052
                 917                5204            0.176211
                 918                5206            0.176335
                 919                5208            0.176459
                 920                5218            0.176313
                 921                5219            0.176471
                 922                5221            0.176595
                 923                5223            0.176718
                 924                5226            0.176808
                 925                5228            0.176932
                 926                5231            0.177022
                 927                5233            0.177145
                 928                5236            0.177235
                 929                5241            0.177256
                 930                5243            0.177379
                 931                5244            0.177536
                 932                5258            0.177254
                 933                5261            0.177343
                 934                5264            0.177432
                 935                5266            0.177554
                 936                5276            0.177407
                 937                5277            0.177563
                 938                5286             0.17745
                 939                5291            0.177471
                 940                5294             0.17756
                 941                5296            0.177681
                 942                5304            0.177602
                 943                5305            0.177757
                 944                5306            0.177912
                 945                5307            0.178067
                 946                5308            0.178222
                 947                5336            0.177474
                 948                5340            0.177528
                 949                5341            0.177682
                 950                5349            0.177603
                 951                5350            0.177757
                 952                5352            0.177877
                 953                5367            0.177567
                 954                5369            0.177687
                 955                5373            0.177741
                 956                5375             0.17786
                 957                5379            0.177914
                 958                5381            0.178034
                 959                5383            0.178153
                 960                5387            0.178207
                 961                5388            0.178359
                 962                5402            0.178082
                 963                5405            0.178168
                 964                5411            0.178156
                 965                5416            0.178176
                 966                5419            0.178262
                 967                5439             0.17779
                 968                5440            0.177941
                 969                5444            0.177994
                 970                5445            0.178145
                 971                5449            0.178198
                 972                5454            0.178218
                 973                5455            0.178368
                 974                5463             0.17829
                 975                5465            0.178408
                 976                5467            0.178526
                 977                5468            0.178676
                 978                5478            0.178532
                 979                5482            0.178584
                 980                5488            0.178571
                 981                5499            0.178396
                 982                5504            0.178416
                 983                5506            0.178533
                 984                5509            0.178617
                 985                5520            0.178442
                 986                5524            0.178494
                 987                5525            0.178643
                 988                5527            0.178759
                 989                5533            0.178746
                 990                5536            0.178829
                 991                5547            0.178655
                 992                5549            0.178771
                 993                5553            0.178822
                 994                5563            0.178681
                 995                5567            0.178732
                 996                5578            0.178559
                 997                5588            0.178418
                 998                5589            0.178565
                 999                5591             0.17868
                1000                5603            0.178476
                1001                5604            0.178622
                1002                5605            0.178769
                1003                5612            0.178724
                1004                5618            0.178711
                1005                5619            0.178857
                1006                5620            0.179004
                1007                5623            0.179086
                1008                5629            0.179073
                1009                5631            0.179187
                1010                5633            0.179301
                1011                5639            0.179287
                1012                5644            0.179305
                1013                5645            0.179451
                1014                5646            0.179596
                1015                5655            0.179487
                1016                5657              0.1796
                1017                5660            0.179682
                1018                5664            0.179732
                1019                5665            0.179876
                1020                5672            0.179831
                1021                5674            0.179944
                1022                5688            0.179677
                1023                5699            0.179505
                1024                5700            0.179649
                1025                5708            0.179573
                1026                5710            0.179685
                1027                5711            0.179828
                1028                5725            0.179563
                1029                5738            0.179331
                1030                5740            0.179443
                1031                5748            0.179367
                1032                5769            0.178887
                1033                5770            0.179029
                1034                5771            0.179172
                1035                5778            0.179128
                1036                5784            0.179115
                1037                5798            0.178855
                1038                5814            0.178535
                1039                5815            0.178676
                1040                5820            0.178694
                1041                5823            0.178774
                1042                5838            0.178486
                1043                5840            0.178596
                1044                5842            0.178706
                1045                5849            0.178663
                1046                5855            0.178651
                1047                5863            0.178578
                1048                5871            0.178505
                1049                5876            0.178523
                1050                5895            0.178117
                1051                5907            0.177924
                1052                5909            0.178034
                1053                5915            0.178022
                1054                5917            0.178131
                1055                5918             0.17827
                1056                5936            0.177898
                1057                5945            0.177796
                1058                5952            0.177755
                1059                5955            0.177834
                1060                5957            0.177942
                1061                5958             0.17808
                1062                5960            0.178188
                1063                5961            0.178326
                1064                5979            0.177956
                1065                5980            0.178094
                1066                5981            0.178231
                1067                5986            0.178249
                1068                5987            0.178387
                1069                5992            0.178405
                1070                5994            0.178512
                1071                5998             0.17856
                1072                6003            0.178577
                1073                6005            0.178684
                1074                6011            0.178672
                1075                6018            0.178631
                1076                6029            0.178471
                1077                6037              0.1784
                1078                6042            0.178418
                1079                6044            0.178524
                1080                6050            0.178512
                1081                6051            0.178648
                1082                6053            0.178754
                1083                6056            0.178831
                1084                6069            0.178613
                1085                6070            0.178748
                1086                6074            0.178795
                1087                6078            0.178842
                1088                6080            0.178947
                1089                6086            0.178935
                1090                6088            0.179041
                1091                6089            0.179176
                1092                6093            0.179222
                1093                6105            0.179034
                1094                6108            0.179109
                1095                6111            0.179185
                1096                6116            0.179202
                1097                6117            0.179336
                1098                6119            0.179441
                1099                6120            0.179575
                1100                6130            0.179445
                1101                6152            0.178966
                1102                6156            0.179012
                1103                6157            0.179146
                1104                6159             0.17925
                1105                6177            0.178889
                1106                6179            0.178993
                1107                6185            0.178981
                1108                6191            0.178969
                1109                6195            0.179015
                1110                6197            0.179119
                1111                6199            0.179222
